<?xml version="1.0" encoding="UTF-8"?>
<dataset>
	<DOMAIN id="default" optlock="1" name="newdomain" enabled="true"
		desc="my domain" />
	<SERVICE id="79ea2c65-4679-441f-a596-8aec16752a0f" optlock="1"
		name="keystone" desc="identity service" type="identity" />
	<ENDPOINT id="79ea2c65-4679-441f-a596-8aec16752a1f" optlock="1"
		name="keystone_endpoint" desc="keystone endpoint" interface="public"
		url="http://localhost:%(public_port)/" serviceid="79ea2c65-4679-441f-a596-8aec16752a0f" />
	<PROJECT id="79ea2c65-4679-441f-a596-8aec16752a2f" optlock="1"
		name="admin" enabled="true" desc="admin project" domainid="default" />
	<PROJECT id="79ea2c65-4679-441f-a596-8aec16752a20" optlock="1"
		name="demo" enabled="true" desc="demo project" domainid="default" />
	<ROLE id="708bb4f9-9d3c-46af-b18c-7033dc022ffb" optlock="1" name="admin"
		desc="admin role" />
	<ROLE id="708bb4f9-9d3c-46af-b18c-7033dc022fff" optlock="1" name="demo"
		desc="demo role" />
	<GROUP id="708bb4f9-9d3c-46af-b18c-7033dc022ffc" optlock="1"
		name="admin_group" desc="admin group" domainid="default" />
	<GROUP id="708bb4f9-9d3c-46af-b18c-7033dc022ffd" optlock="1"
		name="demo_group" desc="demo group" domainid="default" />
	<USER id="0f3328f8-a7e7-41b4-830d-be8fdd5186c7" enabled="true"
		password="c7ad44cbad762a5da0a452f9e854fdc1e0e7a52a38015f23f3eab1d80b931dd472634dfac71cd34ebc35d16ab7fb8a90c81f975113d6c7538dc69dd8de9077ec"
		email="admin@keystone4j.com" optlock="1" name="admin" desc="admin user"
		domainid="default" defaultprojectid="79ea2c65-4679-441f-a596-8aec16752a2f" />
	<USER id="0f3328f8-a7e7-41b4-830d-be8fdd5186c8" enabled="true"
		password="demo" email="demo@keystone4j.com" optlock="1" name="demo"
		desc="demo user" domainid="default" defaultprojectid="79ea2c65-4679-441f-a596-8aec16752a20" />
	<USER_PROJECT_GRANT id="b5a71165-3e27-4085-b7ed-143630e58895"
		optlock="1" userid="0f3328f8-a7e7-41b4-830d-be8fdd5186c7" projectid="79ea2c65-4679-441f-a596-8aec16752a2f" />
	<USER_PROJECT_GRANT_METADATA id="b5a71165-3e27-4085-b7ed-143630e58899"
		optlock="1" roleid="708bb4f9-9d3c-46af-b18c-7033dc022ffb" grantid="b5a71165-3e27-4085-b7ed-143630e58895" />
	<GROUP_PROJECT_GRANT id="b5a71165-3e27-4085-b7ed-143630e58896"
		optlock="1" groupid="708bb4f9-9d3c-46af-b18c-7033dc022ffd" projectid="79ea2c65-4679-441f-a596-8aec16752a2f" />
	<GROUP_PROJECT_GRANT_METADATA id="b5a71165-3e27-4085-b7ed-143630e58892"
		optlock="1" roleid="708bb4f9-9d3c-46af-b18c-7033dc022ffb" grantid="b5a71165-3e27-4085-b7ed-143630e58896" />
	<GROUP_DOMAIN_GRANT id="b5a71165-3e27-4085-b7ed-143630e58897"
		optlock="1" groupid="708bb4f9-9d3c-46af-b18c-7033dc022ffd" domainid="default" />
	<GROUP_DOMAIN_GRANT_METADATA id="b5a71165-3e27-4085-b7ed-143630e58891"
		optlock="1" roleid="708bb4f9-9d3c-46af-b18c-7033dc022ffb" grantid="b5a71165-3e27-4085-b7ed-143630e58897" />
	<USER_DOMAIN_GRANT id="b5a71165-3e27-4085-b7ed-143630e58898"
		optlock="1" userid="0f3328f8-a7e7-41b4-830d-be8fdd5186c7" domainid="default" />
	<USER_DOMAIN_GRANT_METADATA id="b5a71165-3e27-4085-b7ed-143630e58893"
		optlock="1" roleid="708bb4f9-9d3c-46af-b18c-7033dc022ffb" grantid="b5a71165-3e27-4085-b7ed-143630e58898" />
	<USER_GROUP_MEMBERSHIP id="0f3328f8-a7e7-41b4-830d-be8fdd5186c8"
		optlock="1" userid="0f3328f8-a7e7-41b4-830d-be8fdd5186c8" groupid="708bb4f9-9d3c-46af-b18c-7033dc022ffd" />
</dataset>